<?xml version="1.0" encoding="UTF-8"?>
<!-- Generated by org.testng.reporters.JUnitReportReporter -->
<testsuite hostname="LAPTOP-4PRLDEEU" failures="0" tests="1" name="cucumberOptions.TestNGTestRunner" time="13.144" errors="0" timestamp="2023-08-16T14:52:48 BRT" skipped="0">
  <testcase classname="cucumberOptions.TestNGTestRunner" name="runScenario" time="13.144"/>
</testsuite> <!-- cucumberOptions.TestNGTestRunner -->
